<?xml version="1.0" encoding="UTF-8"?>
<beans xmlns="http://www.springframework.org/schema/beans"
	xmlns:xsi="http://www.w3.org/2001/XMLSchema-instance"
	xmlns:mvc="http://www.springframework.org/schema/mvc"
	xmlns:p="http://www.springframework.org/schema/p"
	xmlns:tx="http://www.springframework.org/schema/tx"
	xmlns:context="http://www.springframework.org/schema/context"
	xsi:schemaLocation="
                http://www.springframework.org/schema/beans
                http://www.springframework.org/schema/beans/spring-beans.xsd
                http://www.springframework.org/schema/mvc
                http://www.springframework.org/schema/mvc/spring-mvc.xsd
                http://www.springframework.org/schema/context
                http://www.springframework.org/schema/context/spring-context.xsd
                http://www.springframework.org/schema/tx
                http://www.springframework.org/schema/tx/spring-tx.xsd">

	<context:component-scan
		base-package="com.controller" />
	<mvc:resources mapping="/css/***" location="/css/" cache-period="10000"/>
	<mvc:resources mapping="/images/***" location="/images/" />
	<mvc:resources mapping="/js/***" location="/js/" />
	<mvc:annotation-driven />
	<mvc:default-servlet-handler/>	
	
	<bean id="viewResolver"
		class="org.springframework.web.servlet.view.InternalResourceViewResolver">
		<property name="prefix" value="/WEB-INF/jsp/"></property>
		<property name="suffix" value=".jsp"></property>
	</bean>
	<tx:annotation-driven />
	<bean id="dataSource"
		class="org.springframework.jdbc.datasource.DriverManagerDataSource">
		<property name="driverClassName"
			value="com.mysql.jdbc.Driver" />
		<property name="url"
			value="jdbc:mysql://localhost:3306/catering" />
		<property name="username" value="root" />
		<property name="password" value="" />
	</bean>
	<bean id="sessionFactory"
		class="org.springframework.orm.hibernate4.LocalSessionFactoryBean">
		<property name="dataSource" ref="dataSource"></property>
		<property name="hibernateProperties">
			<props>
				<prop key="hibernate.show_sql">true</prop>
				<prop key="hibernate.hbm2ddl.auto">validate</prop>
				<prop key="hibernate.dialect">org.hibernate.dialect.MySQL5Dialect</prop>
			</props>
		</property>
		<property name="annotatedClasses">
			<list>
				<value>com.bean.Customer</value>
				<value>com.bean.Order</value>
				<value>com.bean.Food</value>
				<value>com.bean.Booking</value>
				<value>com.bean.BookingFood</value>
			</list>
		</property>
	</bean>
	<bean id="hibernateTemplate"
		class="org.springframework.orm.hibernate4.HibernateTemplate">
		<property name="sessionFactory" ref="sessionFactory"></property>
	</bean>
	<bean id="transactionManager"
		class="org.springframework.orm.hibernate4.HibernateTransactionManager">
		<property name="sessionFactory" ref="sessionFactory"></property>
	</bean>
	<bean id="cdao" class="com.DAO.CustomerDAO">
		<property name="hibernateTemplate" ref="hibernateTemplate"></property>
	</bean>
	
	<bean id="adao" class="com.DAO.AdminDAO">
		<property name="hibernateTemplate" ref="hibernateTemplate"></property>
	</bean>


</beans>